vko-guide-fixed/android/app/build/intermediates/manifest_merge_blame_file/debug/manifest-merger-blame-debug-report.txt
1<?xml version="1.0" encoding="utf-8"?>
2<manifest xmlns:android="http://schemas.android.com/apk/res/android"
3    package="kz.vko.guide"
4    android:versionCode="1"
5    android:versionName="1.0" >
6
7    <uses-sdk
8        android:minSdkVersion="21"
9        android:targetSdkVersion="34" />
10
11    <uses-permission android:name="android.permission.INTERNET" />
11-->src\main\AndroidManifest.xml:5:5-67
11-->src\main\AndroidManifest.xml:5:22-64
12    <uses-permission android:name="android.permission.ACCESS_FINE_LOCATION" />
12-->src\main\AndroidManifest.xml:6:5-79
12-->src\main\AndroidManifest.xml:6:22-76
13    <uses-permission android:name="android.permission.ACCESS_COARSE_LOCATION" />
13-->src\main\AndroidManifest.xml:7:5-81
13-->src\main\AndroidManifest.xml:7:22-78
14
15    <queries>
15-->[com.google.androidbrowserhelper:androidbrowserhelper:2.5.0] AndroidManifest.xml:26:5-34:15
16        <intent>
16-->[com.google.androidbrowserhelper:androidbrowserhelper:2.5.0] AndroidManifest.xml:27:9-33:18
17            <action android:name="android.intent.action.VIEW" />
17-->src\main\AndroidManifest.xml:31:17-69
17-->src\main\AndroidManifest.xml:31:25-66
18
19            <category android:name="android.intent.category.BROWSABLE" />
19-->src\main\AndroidManifest.xml:33:17-78
19-->src\main\AndroidManifest.xml:33:27-75
20
21            <data android:scheme="https" />
21-->src\main\AndroidManifest.xml:35:21-43
22        </intent>
23    </queries>
24
25    <application
25-->src\main\AndroidManifest.xml:9:5-79:19
26        android:allowBackup="true"
26-->src\main\AndroidManifest.xml:10:9-35
27        android:appComponentFactory="androidx.core.app.CoreComponentFactory"
27-->[androidx.core:core:1.1.0] AndroidManifest.xml:24:18-86
28        android:debuggable="true"
29        android:extractNativeLibs="true"
30        android:icon="@mipmap/ic_launcher"
30-->src\main\AndroidManifest.xml:11:9-43
31        android:label="@string/app_name"
31-->src\main\AndroidManifest.xml:12:9-41
32        android:supportsRtl="true"
32-->src\main\AndroidManifest.xml:13:9-35
33        android:theme="@style/Theme.TWA" >
33-->src\main\AndroidManifest.xml:14:9-41
34
35        <!-- Launcher Activity -->
36        <activity
36-->src\main\AndroidManifest.xml:18:9-66:20
37            android:name="com.google.androidbrowserhelper.trusted.LauncherActivity"
37-->src\main\AndroidManifest.xml:19:13-84
38            android:exported="true"
38-->src\main\AndroidManifest.xml:20:13-36
39            android:label="@string/app_name"
39-->src\main\AndroidManifest.xml:21:13-45
40            android:theme="@style/Theme.TWA.Splash" >
40-->src\main\AndroidManifest.xml:22:13-52
41            <intent-filter>
41-->src\main\AndroidManifest.xml:24:13-27:29
42                <action android:name="android.intent.action.MAIN" />
42-->src\main\AndroidManifest.xml:25:17-69
42-->src\main\AndroidManifest.xml:25:25-66
43
44                <category android:name="android.intent.category.LAUNCHER" />
44-->src\main\AndroidManifest.xml:26:17-77
44-->src\main\AndroidManifest.xml:26:27-74
45            </intent-filter>
46
47            <!-- Deep links -->
48            <intent-filter android:autoVerify="true" >
48-->src\main\AndroidManifest.xml:30:13-37:29
48-->src\main\AndroidManifest.xml:30:28-53
49                <action android:name="android.intent.action.VIEW" />
49-->src\main\AndroidManifest.xml:31:17-69
49-->src\main\AndroidManifest.xml:31:25-66
50
51                <category android:name="android.intent.category.DEFAULT" />
51-->src\main\AndroidManifest.xml:32:17-76
51-->src\main\AndroidManifest.xml:32:27-73
52                <category android:name="android.intent.category.BROWSABLE" />
52-->src\main\AndroidManifest.xml:33:17-78
52-->src\main\AndroidManifest.xml:33:27-75
53
54                <data
55                    android:host="YOUR_DOMAIN_HERE"
55-->src\main\AndroidManifest.xml:36:21-47
56                    android:scheme="https" />
56-->src\main\AndroidManifest.xml:35:21-43
57            </intent-filter>
58
59            <meta-data
60                android:name="android.support.customtabs.trusted.DEFAULT_URL"
60-->src\main\AndroidManifest.xml:40:17-78
61                android:value="https://YOUR_DOMAIN_HERE" />
61-->src\main\AndroidManifest.xml:41:17-46
62            <meta-data
62-->src\main\AndroidManifest.xml:43:13-45:58
63                android:name="android.support.customtabs.trusted.STATUS_BAR_COLOR"
63-->src\main\AndroidManifest.xml:44:17-83
64                android:resource="@color/colorPrimary" />
64-->src\main\AndroidManifest.xml:45:17-55
65            <meta-data
65-->src\main\AndroidManifest.xml:47:13-49:61
66                android:name="android.support.customtabs.trusted.NAVIGATION_BAR_COLOR"
66-->src\main\AndroidManifest.xml:48:17-87
67                android:resource="@color/navigationColor" />
67-->src\main\AndroidManifest.xml:49:17-58
68            <meta-data
68-->src\main\AndroidManifest.xml:51:13-53:55
69                android:name="android.support.customtabs.trusted.SPLASH_IMAGE_DRAWABLE"
69-->src\main\AndroidManifest.xml:52:17-88
70                android:resource="@drawable/splash" />
70-->src\main\AndroidManifest.xml:53:17-52
71            <meta-data
71-->src\main\AndroidManifest.xml:55:13-57:58
72                android:name="android.support.customtabs.trusted.SPLASH_SCREEN_BACKGROUND_COLOR"
72-->src\main\AndroidManifest.xml:56:17-97
73                android:resource="@color/colorPrimary" />
73-->src\main\AndroidManifest.xml:57:17-55
74            <meta-data
74-->src\main\AndroidManifest.xml:59:13-61:39
75                android:name="android.support.customtabs.trusted.SPLASH_SCREEN_FADE_OUT_DURATION"
75-->src\main\AndroidManifest.xml:60:17-98
76                android:value="300" />
76-->src\main\AndroidManifest.xml:61:17-36
77            <meta-data
77-->src\main\AndroidManifest.xml:63:13-65:61
78                android:name="android.support.customtabs.trusted.FILE_PROVIDER_AUTHORITY"
78-->src\main\AndroidManifest.xml:64:17-90
79                android:value="kz.vko.guide.fileprovider" />
79-->src\main\AndroidManifest.xml:65:17-58
80        </activity>
81
82        <!-- File Provider for downloads -->
83        <provider
83-->src\main\AndroidManifest.xml:69:9-77:20
84            android:name="androidx.core.content.FileProvider"
84-->src\main\AndroidManifest.xml:70:13-62
85            android:authorities="kz.vko.guide.fileprovider"
85-->src\main\AndroidManifest.xml:71:13-60
86            android:exported="false"
86-->src\main\AndroidManifest.xml:72:13-37
87            android:grantUriPermissions="true" >
87-->src\main\AndroidManifest.xml:73:13-47
88            <meta-data
88-->src\main\AndroidManifest.xml:74:13-76:54
89                android:name="android.support.FILE_PROVIDER_PATHS"
89-->src\main\AndroidManifest.xml:75:17-67
90                android:resource="@xml/file_paths" />
90-->src\main\AndroidManifest.xml:76:17-51
91        </provider>
92    </application>
93
94</manifest>